<?xml version="1.0" encoding="UTF-8"?>
<!-- Generated by org.testng.reporters.JUnitXMLReporter -->
<testsuite hostname="aulae205-21" ignored="0" name="Default test" tests="3" failures="0" timestamp="09 ago 2017 02:35:32 GMT" time="0.026" errors="0">
  <testcase name="debeSumarCorrectamente" time="0.007" classname="co.edu.uelbosque.swii.calculadora.NewTest"/>
  <testcase name="laOperacionSumaExiste" time="0.001" classname="co.edu.uelbosque.swii.calculadora.NewTest"/>
  <testcase name="noDebeEncontrarOperacionPotencia" time="0.001" classname="co.edu.uelbosque.swii.calculadora.NewTest"/>
</testsuite> <!-- Default test -->
